<?xml version="1.0" encoding="UTF-8"?>
<!-- Generated by org.testng.reporters.JUnitReportReporter -->
<testsuite hostname="DESKTOP-OVISIIQ" failures="0" tests="1" name="tests.TestRunner" time="0.105" errors="0" timestamp="2024-03-25T11:34:18 ART" skipped="0">
  <testcase classname="tests.TestRunner" name="testFormSubmission" time="0.105"/>
</testsuite>
